Determining if the pthread_create exist failed with the following output:
Change Dir: /home/ddd/CLionProjects/udprelay/cmake-build-debug/CMakeFiles/CMakeTmp

Run Build Command:"/usr/bin/make" "cmTC_59054/fast"
make[1]: Entering directory '/home/ddd/CLionProjects/udprelay/cmake-build-debug/CMakeFiles/CMakeTmp'
/usr/bin/make -f CMakeFiles/cmTC_59054.dir/build.make CMakeFiles/cmTC_59054.dir/build
make[2]: Entering directory '/home/ddd/CLionProjects/udprelay/cmake-build-debug/CMakeFiles/CMakeTmp'
Building C object CMakeFiles/cmTC_59054.dir/CheckSymbolExists.c.o
/usr/bin/cc    -o CMakeFiles/cmTC_59054.dir/CheckSymbolExists.c.o   -c /home/ddd/CLionProjects/udprelay/cmake-build-debug/CMakeFiles/CMakeTmp/CheckSymbolExists.c
Linking C executable cmTC_59054
/home/ddd/clion/clion-2018.1.2/bin/cmake/bin/cmake -E cmake_link_script CMakeFiles/cmTC_59054.dir/link.txt --verbose=1
/usr/bin/cc      CMakeFiles/cmTC_59054.dir/CheckSymbolExists.c.o  -o cmTC_59054 
CMakeFiles/cmTC_59054.dir/CheckSymbolExists.c.o：在函数‘main’中：
CheckSymbolExists.c:(.text+0x1b)：对‘pthread_create’未定义的引用
collect2: error: ld returned 1 exit status
CMakeFiles/cmTC_59054.dir/build.make:97: recipe for target 'cmTC_59054' failed
make[2]: *** [cmTC_59054] Error 1
make[2]: Leaving directory '/home/ddd/CLionProjects/udprelay/cmake-build-debug/CMakeFiles/CMakeTmp'
Makefile:126: recipe for target 'cmTC_59054/fast' failed
make[1]: *** [cmTC_59054/fast] Error 2
make[1]: Leaving directory '/home/ddd/CLionProjects/udprelay/cmake-build-debug/CMakeFiles/CMakeTmp'

File /home/ddd/CLionProjects/udprelay/cmake-build-debug/CMakeFiles/CMakeTmp/CheckSymbolExists.c:
/* */
#include <pthread.h>

int main(int argc, char** argv)
{
  (void)argv;
#ifndef pthread_create
  return ((int*)(&pthread_create))[argc];
#else
  (void)argc;
  return 0;
#endif
}

Determining if the function pthread_create exists in the pthreads failed with the following output:
Change Dir: /home/ddd/CLionProjects/udprelay/cmake-build-debug/CMakeFiles/CMakeTmp

Run Build Command:"/usr/bin/make" "cmTC_2d3e4/fast"
make[1]: Entering directory '/home/ddd/CLionProjects/udprelay/cmake-build-debug/CMakeFiles/CMakeTmp'
/usr/bin/make -f CMakeFiles/cmTC_2d3e4.dir/build.make CMakeFiles/cmTC_2d3e4.dir/build
make[2]: Entering directory '/home/ddd/CLionProjects/udprelay/cmake-build-debug/CMakeFiles/CMakeTmp'
Building C object CMakeFiles/cmTC_2d3e4.dir/CheckFunctionExists.c.o
/usr/bin/cc   -DCHECK_FUNCTION_EXISTS=pthread_create   -o CMakeFiles/cmTC_2d3e4.dir/CheckFunctionExists.c.o   -c /home/ddd/clion/clion-2018.1.2/bin/cmake/share/cmake-3.10/Modules/CheckFunctionExists.c
Linking C executable cmTC_2d3e4
/home/ddd/clion/clion-2018.1.2/bin/cmake/bin/cmake -E cmake_link_script CMakeFiles/cmTC_2d3e4.dir/link.txt --verbose=1
/usr/bin/cc  -DCHECK_FUNCTION_EXISTS=pthread_create    CMakeFiles/cmTC_2d3e4.dir/CheckFunctionExists.c.o  -o cmTC_2d3e4 -lpthreads 
/usr/bin/ld: 找不到 -lpthreads
collect2: error: ld returned 1 exit status
CMakeFiles/cmTC_2d3e4.dir/build.make:97: recipe for target 'cmTC_2d3e4' failed
make[2]: *** [cmTC_2d3e4] Error 1
make[2]: Leaving directory '/home/ddd/CLionProjects/udprelay/cmake-build-debug/CMakeFiles/CMakeTmp'
Makefile:126: recipe for target 'cmTC_2d3e4/fast' failed
make[1]: *** [cmTC_2d3e4/fast] Error 2
make[1]: Leaving directory '/home/ddd/CLionProjects/udprelay/cmake-build-debug/CMakeFiles/CMakeTmp'


